EAC extraction logfile from 3. July 2005, 22:44 for CD
Joanna Newsom / Yarn and Glue

Used drive  : HL-DT-STDVD+RW GCA-4040N   Adapter: 1  ID: 0
Read mode   : Secure with NO C2, accurate stream, NO disable cache
Combined read/write offset correction : 0
Overread into Lead-In and Lead-Out : No

Used output format : Internal WAV Routines
                     44.100 Hz; 16 Bit; Stereo

Other options      : 
    Fill up missing offset samples with silence : Yes
    Delete leading and trailing silent blocks : No
    Installed external ASPI interface


Track  1
     Filename C:\joanna newsom\EPs\Joanna Newsom\01 - Joanna Newsom - Sprout and the Bean.wav

     Peak level 96.5 %
     Track quality 100.0 %
     Copy CRC C49D9C12
     Copy OK

Track  2
     Filename C:\joanna newsom\EPs\Joanna Newsom\02 - Joanna Newsom - This Side of the Blue.wav

     Peak level 96.5 %
     Track quality 100.0 %
     Copy CRC 9410CAEE
     Copy OK

Track  3
     Filename C:\joanna newsom\EPs\Joanna Newsom\03 - Joanna Newsom - Yarn and Glue.wav

     Peak level 96.5 %
     Track quality 99.9 %
     Copy CRC 605A1D5A
     Copy OK

Track  4
     Filename C:\joanna newsom\EPs\Joanna Newsom\04 - Joanna Newsom - What We Have Known.wav

     Peak level 96.5 %
     Track quality 100.0 %
     Copy CRC 74C63CC3
     Copy OK

Track  5
     Filename C:\joanna newsom\EPs\Joanna Newsom\05 - Joanna Newsom - Bridges and Balloons.wav

     Peak level 96.5 %
     Track quality 100.0 %
     Copy CRC ABE0C592
     Copy OK

No errors occured


End of status report
 